2012-06-13 11:06:50.0450 INFO http-8080-4 it.betplus.web.framework.managedbeans.LoginBean ? User admin logged into applicaiton 
2012-06-13 11:22:17.0369 INFO http-8080-1 it.betplus.web.framework.managedbeans.LoginBean ? User admin logged into applicaiton 
2012-06-13 11:26:56.0574 INFO http-8080-1 it.betplus.web.framework.managedbeans.LoginBean ? User admin logged into applicaiton 
2012-06-13 12:38:16.0567 INFO http-8080-3 it.betplus.web.framework.managedbeans.LoginBean ? User admin logged into applicaiton 
2012-06-13 12:46:19.0711 INFO http-8080-3 it.betplus.web.framework.managedbeans.LoginBean ? User admin logged into applicaiton 
2012-06-13 12:50:09.0295 INFO http-8080-3 it.betplus.web.framework.managedbeans.LoginBean ? User admin logged into applicaiton 
2012-06-13 12:51:40.0270 INFO http-8080-1 it.betplus.web.framework.managedbeans.LoginBean ? User admin logged into applicaiton 
2012-06-13 12:53:29.0122 INFO http-8080-5 it.betplus.web.framework.managedbeans.LoginBean ? User admin logged into applicaiton 
2012-06-13 14:33:14.0978 INFO http-8080-5 it.betplus.web.framework.managedbeans.LoginBean ? User admin logged into applicaiton 
2012-06-13 14:39:50.0927 INFO http-8080-1 it.betplus.web.framework.managedbeans.LoginBean ? User admin logged into applicaiton 
2012-06-13 14:41:14.0302 INFO http-8080-1 it.betplus.web.framework.managedbeans.LoginBean ? User admin logged into applicaiton 
2012-06-13 15:36:20.0709 INFO http-8080-3 it.betplus.web.framework.managedbeans.LoginBean ? User admin logged into applicaiton 
2012-06-13 15:37:12.0180 INFO http-8080-3 it.betplus.web.framework.managedbeans.LoginBean ? User admin logged into applicaiton 
2012-06-14 11:09:33.0098 INFO http-8080-3 it.betplus.web.framework.managedbeans.LoginBean ? User admin logged into applicaiton 
2012-06-14 11:12:13.0913 INFO http-8080-4 it.betplus.web.framework.managedbeans.LoginBean ? User admin logged into applicaiton 
2012-06-14 11:15:25.0603 INFO http-8080-1 it.betplus.web.framework.managedbeans.LoginBean ? User admin logged into applicaiton 
2012-06-14 11:17:44.0362 INFO http-8080-3 it.betplus.web.framework.managedbeans.LoginBean ? User admin logged into applicaiton 
2012-06-14 11:54:21.0186 INFO http-8080-4 it.betplus.web.framework.managedbeans.LoginBean ? User admin logged into applicaiton 
2012-06-14 11:58:29.0817 INFO http-8080-2 it.betplus.web.framework.managedbeans.LoginBean ? User admin logged into applicaiton 
2012-06-14 12:53:31.0239 INFO http-8080-1 it.betplus.web.framework.managedbeans.LoginBean ? User admin logged into applicaiton 
2012-06-14 12:55:38.0237 INFO http-8080-1 it.betplus.web.framework.managedbeans.LoginBean ? User admin logged into applicaiton 
2012-06-14 17:20:58.0353 INFO http-8080-2 it.betplus.web.framework.managedbeans.LoginBean ? User admin logged into applicaiton 
2012-06-15 10:15:45.0958 INFO http-8080-3 it.betplus.web.framework.managedbeans.LoginBean ? User admin logged into applicaiton 
2012-06-15 11:36:45.0833 INFO http-8080-1 it.betplus.web.framework.managedbeans.LoginBean ? User admin logged into applicaiton 
2012-06-15 11:39:49.0931 INFO http-8080-1 it.betplus.web.framework.managedbeans.LoginBean ? User admin logged into applicaiton 
2012-06-15 11:41:59.0099 INFO http-8080-1 it.betplus.web.framework.managedbeans.LoginBean ? User admin logged into applicaiton 
2012-06-15 11:42:41.0471 INFO http-8080-2 it.betplus.web.framework.managedbeans.LoginBean ? User admin logged into applicaiton 
2012-06-15 11:43:13.0070 INFO http-8080-2 it.betplus.web.framework.managedbeans.LoginBean ? User admin logged into applicaiton 
2012-06-18 12:11:52.0520 INFO http-8080-3 it.betplus.web.framework.managedbeans.LoginBean ? User admin logged into applicaiton 
2012-06-18 12:27:05.0854 INFO http-8080-3 it.betplus.web.framework.managedbeans.LoginBean ? User admin logged into applicaiton 
2012-06-18 12:39:42.0496 INFO http-8080-6 it.betplus.web.framework.managedbeans.LoginBean ? User admin logged into applicaiton 
2012-06-18 12:41:29.0077 INFO http-8080-1 it.betplus.web.framework.managedbeans.LoginBean ? User admin logged into applicaiton 
2012-06-18 12:43:17.0751 INFO http-8080-3 it.betplus.web.framework.managedbeans.LoginBean ? User admin logged into applicaiton 
2012-06-18 12:45:37.0016 INFO http-8080-1 it.betplus.web.framework.managedbeans.LoginBean ? User admin logged into applicaiton 
2012-06-18 12:49:28.0140 INFO http-8080-3 it.betplus.web.framework.managedbeans.LoginBean ? User admin logged into applicaiton 
2012-06-18 13:19:12.0744 INFO http-8080-1 it.betplus.web.framework.managedbeans.LoginBean ? User admin logged into applicaiton 
2012-06-18 13:25:43.0521 INFO http-8080-3 it.betplus.web.framework.managedbeans.LoginBean ? User admin logged into applicaiton 
2012-06-18 13:28:42.0330 INFO http-8080-1 it.betplus.web.framework.managedbeans.LoginBean ? User admin logged into applicaiton 
2012-06-18 13:32:04.0987 INFO http-8080-1 it.betplus.web.framework.managedbeans.LoginBean ? User admin logged into applicaiton 
2012-06-18 13:32:52.0372 INFO http-8080-1 it.betplus.web.framework.managedbeans.LoginBean ? User admin logged into applicaiton 
2012-06-18 13:33:58.0918 INFO http-8080-3 it.betplus.web.framework.managedbeans.LoginBean ? User admin logged into applicaiton 
2012-06-18 13:35:44.0406 INFO http-8080-3 it.betplus.web.framework.managedbeans.LoginBean ? User admin logged into applicaiton 
2012-06-18 13:36:50.0295 INFO http-8080-3 it.betplus.web.framework.managedbeans.LoginBean ? User admin logged into applicaiton 
2012-06-18 13:38:07.0043 INFO http-8080-3 it.betplus.web.framework.managedbeans.LoginBean ? User admin logged into applicaiton 
2012-06-18 13:38:47.0043 INFO http-8080-3 it.betplus.web.framework.managedbeans.LoginBean ? User admin logged into applicaiton 
2012-06-18 13:40:43.0320 INFO http-8080-3 it.betplus.web.framework.managedbeans.LoginBean ? User admin logged into applicaiton 
2012-06-18 13:41:34.0180 INFO http-8080-3 it.betplus.web.framework.managedbeans.LoginBean ? User admin logged into applicaiton 
2012-06-18 14:22:33.0953 INFO http-8080-3 it.betplus.web.framework.managedbeans.LoginBean ? User admin logged into applicaiton 
2012-06-18 14:23:17.0485 INFO http-8080-4 it.betplus.web.framework.managedbeans.LoginBean ? User admin logged into applicaiton 
2012-06-18 14:25:15.0088 INFO http-8080-4 it.betplus.web.framework.managedbeans.LoginBean ? User admin logged into applicaiton 
2012-06-18 14:27:04.0634 INFO http-8080-1 it.betplus.web.framework.managedbeans.LoginBean ? User admin logged into applicaiton 
2012-06-18 14:29:29.0926 INFO http-8080-3 it.betplus.web.framework.managedbeans.LoginBean ? User admin logged into applicaiton 
2012-06-18 14:29:40.0954 INFO http-8080-3 it.betplus.web.framework.managedbeans.LoginBean ? User admin logged into applicaiton 
2012-06-18 14:30:31.0850 INFO http-8080-3 it.betplus.web.framework.managedbeans.LoginBean ? User admin logged into applicaiton 
2012-06-18 14:31:15.0955 INFO http-8080-2 it.betplus.web.framework.managedbeans.LoginBean ? User admin logged into applicaiton 
2012-06-18 14:31:25.0821 INFO http-8080-2 it.betplus.web.framework.managedbeans.LoginBean ? User admin logged into applicaiton 
2012-06-18 14:34:26.0632 INFO http-8080-1 it.betplus.web.framework.managedbeans.LoginBean ? User admin logged into applicaiton 
2012-06-18 14:36:31.0126 INFO http-8080-5 it.betplus.web.framework.managedbeans.LoginBean ? User admin logged into applicaiton 
2012-06-18 14:39:42.0579 INFO http-8080-3 it.betplus.web.framework.managedbeans.LoginBean ? User admin logged into applicaiton 
2012-06-18 14:43:40.0259 INFO http-8080-3 it.betplus.web.framework.managedbeans.LoginBean ? User admin logged into applicaiton 
2012-06-18 14:52:04.0356 INFO http-8080-1 it.betplus.web.framework.managedbeans.LoginBean ? User admin logged into applicaiton 
2012-06-18 14:54:08.0270 INFO http-8080-2 it.betplus.web.framework.managedbeans.LoginBean ? User admin logged into applicaiton 
2012-06-18 14:55:05.0004 INFO http-8080-3 it.betplus.web.framework.managedbeans.LoginBean ? User admin logged into applicaiton 
2012-06-18 14:57:00.0712 INFO http-8080-3 it.betplus.web.framework.managedbeans.LoginBean ? User admin logged into applicaiton 
2012-06-18 14:57:52.0708 INFO http-8080-3 it.betplus.web.framework.managedbeans.LoginBean ? User admin logged into applicaiton 
2012-06-18 14:59:39.0892 INFO http-8080-4 it.betplus.web.framework.managedbeans.LoginBean ? User admin logged into applicaiton 
2012-06-19 11:08:42.0911 INFO http-8080-3 it.betplus.web.framework.managedbeans.LoginBean ? User admin logged into applicaiton 
2012-06-19 11:13:07.0523 INFO http-8080-1 it.betplus.web.framework.managedbeans.LoginBean ? User admin logged into applicaiton 
2012-06-19 11:16:08.0920 INFO http-8080-6 it.betplus.web.framework.managedbeans.LoginBean ? User admin logged into applicaiton 
2012-06-19 11:23:00.0831 INFO http-8080-6 it.betplus.web.framework.managedbeans.LoginBean ? User admin logged into applicaiton 
2012-06-20 11:32:43.0879 INFO http-8080-3 it.betplus.web.framework.managedbeans.LoginBean ? User admin logged into applicaiton 
2012-06-20 11:35:56.0770 INFO http-8080-3 it.betplus.web.framework.managedbeans.LoginBean ? User admin logged into applicaiton 
2012-06-20 11:36:37.0574 INFO http-8080-3 it.betplus.web.framework.managedbeans.LoginBean ? User admin logged into applicaiton 
2012-06-20 11:37:45.0246 INFO http-8080-6 it.betplus.web.framework.managedbeans.LoginBean ? User admin logged into applicaiton 
2012-06-20 11:38:16.0302 INFO http-8080-3 it.betplus.web.framework.managedbeans.LoginBean ? User admin logged into applicaiton 
2012-06-20 11:45:56.0149 INFO http-8080-3 it.betplus.web.framework.managedbeans.LoginBean ? User admin logged into applicaiton 
2012-06-20 11:50:55.0951 INFO http-8080-2 it.betplus.web.framework.managedbeans.LoginBean ? User admin logged into applicaiton 
2012-06-20 12:00:23.0016 INFO http-8080-6 it.betplus.web.framework.managedbeans.LoginBean ? User admin logged into applicaiton 
2012-06-20 12:19:00.0621 INFO http-8080-4 it.betplus.web.framework.managedbeans.LoginBean ? User admin logged into applicaiton 
2012-06-20 12:36:17.0011 INFO http-8080-2 it.betplus.web.framework.managedbeans.LoginBean ? User admin logged into applicaiton 
2012-06-20 12:38:29.0614 INFO http-8080-3 it.betplus.web.framework.managedbeans.LoginBean ? User admin logged into applicaiton 
2012-06-20 12:42:10.0273 INFO http-8080-1 it.betplus.web.framework.managedbeans.LoginBean ? User admin logged into applicaiton 
2012-06-20 12:58:17.0357 INFO http-8080-1 it.betplus.web.framework.managedbeans.LoginBean ? User admin logged into applicaiton 
2012-06-20 14:17:48.0895 INFO http-8080-1 it.betplus.web.framework.managedbeans.LoginBean ? User admin logged into applicaiton 
2012-06-20 14:21:40.0503 INFO http-8080-3 it.betplus.web.framework.managedbeans.LoginBean ? User admin logged into applicaiton 
2012-06-21 15:04:46.0694 INFO http-8080-4 it.betplus.web.framework.managedbeans.LoginBean ? User admin logged into applicaiton 
2012-06-21 15:06:28.0413 ERROR http-8080-5 it.betplus.web.framework.managedbeans.BaseTableBean ? Unhandled exception 
it.betplus.web.framework.exceptions.DataLayerException
	at it.betplus.awg.db.facade.AwgFacade.getVltJackpotWin(AwgFacade.java:867)
	at it.betplus.awg.beans.fee.VLTJackpotWinBean.setListDataFromSource(VLTJackpotWinBean.java:55)
	at it.betplus.web.framework.managedbeans.BaseTableBean.populateTable(BaseTableBean.java:48)
	at it.betplus.awg.beans.GeneralFilterBean.filterTable(GeneralFilterBean.java:36)
	at sun.reflect.NativeMethodAccessorImpl.invoke0(Native Method)
	at sun.reflect.NativeMethodAccessorImpl.invoke(NativeMethodAccessorImpl.java:39)
	at sun.reflect.DelegatingMethodAccessorImpl.invoke(DelegatingMethodAccessorImpl.java:25)
	at java.lang.reflect.Method.invoke(Method.java:597)
	at com.sun.el.parser.AstValue.invoke(AstValue.java:234)
	at com.sun.el.MethodExpressionImpl.invoke(MethodExpressionImpl.java:297)
	at javax.faces.event.MethodExpressionActionListener.processAction(MethodExpressionActionListener.java:153)
	at javax.faces.event.ActionEvent.processListener(ActionEvent.java:88)
	at javax.faces.component.UIComponentBase.broadcast(UIComponentBase.java:769)
	at javax.faces.component.UICommand.broadcast(UICommand.java:300)
	at javax.faces.component.UIViewRoot.broadcastEvents(UIViewRoot.java:794)
	at javax.faces.component.UIViewRoot.processApplication(UIViewRoot.java:1259)
	at com.sun.faces.lifecycle.InvokeApplicationPhase.execute(InvokeApplicationPhase.java:81)
	at com.sun.faces.lifecycle.Phase.doPhase(Phase.java:101)
	at com.sun.faces.lifecycle.LifecycleImpl.execute(LifecycleImpl.java:118)
	at javax.faces.webapp.FacesServlet.service(FacesServlet.java:593)
	at org.apache.catalina.core.ApplicationFilterChain.internalDoFilter(ApplicationFilterChain.java:290)
	at org.apache.catalina.core.ApplicationFilterChain.doFilter(ApplicationFilterChain.java:206)
	at org.primefaces.webapp.filter.FileUploadFilter.doFilter(FileUploadFilter.java:79)
	at org.apache.catalina.core.ApplicationFilterChain.internalDoFilter(ApplicationFilterChain.java:235)
	at org.apache.catalina.core.ApplicationFilterChain.doFilter(ApplicationFilterChain.java:206)
	at it.betplus.web.framework.filters.LoginFilter.doFilter(LoginFilter.java:32)
	at org.apache.catalina.core.ApplicationFilterChain.internalDoFilter(ApplicationFilterChain.java:235)
	at org.apache.catalina.core.ApplicationFilterChain.doFilter(ApplicationFilterChain.java:206)
	at org.apache.catalina.core.StandardWrapperValve.invoke(StandardWrapperValve.java:233)
	at org.apache.catalina.core.StandardContextValve.invoke(StandardContextValve.java:191)
	at org.apache.catalina.core.StandardHostValve.invoke(StandardHostValve.java:127)
	at org.apache.catalina.valves.ErrorReportValve.invoke(ErrorReportValve.java:102)
	at org.apache.catalina.core.StandardEngineValve.invoke(StandardEngineValve.java:109)
	at org.apache.catalina.connector.CoyoteAdapter.service(CoyoteAdapter.java:293)
	at org.apache.coyote.http11.Http11Processor.process(Http11Processor.java:859)
	at org.apache.coyote.http11.Http11Protocol$Http11ConnectionHandler.process(Http11Protocol.java:602)
	at org.apache.tomcat.util.net.JIoEndpoint$Worker.run(JIoEndpoint.java:489)
	at java.lang.Thread.run(Thread.java:662)
2012-06-21 15:09:57.0468 INFO http-8080-6 it.betplus.web.framework.managedbeans.LoginBean ? User admin logged into applicaiton 
2012-06-21 15:17:18.0302 INFO http-8080-2 it.betplus.web.framework.managedbeans.LoginBean ? User admin logged into applicaiton 
2012-06-21 16:52:52.0887 INFO http-8080-3 it.betplus.web.framework.managedbeans.LoginBean ? User admin logged into applicaiton 
2012-06-21 16:56:27.0272 INFO http-8080-3 it.betplus.web.framework.managedbeans.LoginBean ? User admin logged into applicaiton 
2012-06-21 16:58:19.0608 INFO http-8080-5 it.betplus.web.framework.managedbeans.LoginBean ? User admin logged into applicaiton 
2012-06-21 17:07:15.0230 INFO http-8080-2 it.betplus.web.framework.managedbeans.LoginBean ? User admin logged into applicaiton 
2012-06-22 15:32:56.0702 INFO http-8080-3 it.betplus.web.framework.managedbeans.LoginBean ? User admin logged into applicaiton 
2012-06-22 15:33:16.0743 ERROR http-8080-3 it.betplus.web.framework.managedbeans.BaseTableBean ? Unhandled exception 
it.betplus.web.framework.exceptions.DataLayerException
	at it.betplus.awg.db.facade.AwgFacade.getLocationData(AwgFacade.java:395)
	at it.betplus.awg.beans.fee.LocationDataTableBean.setListDataFromSource(LocationDataTableBean.java:71)
	at it.betplus.web.framework.managedbeans.BaseTableBean.populateTable(BaseTableBean.java:48)
	at it.betplus.awg.beans.GeneralFilterBean.filterTable(GeneralFilterBean.java:36)
	at sun.reflect.NativeMethodAccessorImpl.invoke0(Native Method)
	at sun.reflect.NativeMethodAccessorImpl.invoke(NativeMethodAccessorImpl.java:39)
	at sun.reflect.DelegatingMethodAccessorImpl.invoke(DelegatingMethodAccessorImpl.java:25)
	at java.lang.reflect.Method.invoke(Method.java:597)
	at com.sun.el.parser.AstValue.invoke(AstValue.java:234)
	at com.sun.el.MethodExpressionImpl.invoke(MethodExpressionImpl.java:297)
	at javax.faces.event.MethodExpressionActionListener.processAction(MethodExpressionActionListener.java:153)
	at javax.faces.event.ActionEvent.processListener(ActionEvent.java:88)
	at javax.faces.component.UIComponentBase.broadcast(UIComponentBase.java:769)
	at javax.faces.component.UICommand.broadcast(UICommand.java:300)
	at javax.faces.component.UIViewRoot.broadcastEvents(UIViewRoot.java:794)
	at javax.faces.component.UIViewRoot.processApplication(UIViewRoot.java:1259)
	at com.sun.faces.lifecycle.InvokeApplicationPhase.execute(InvokeApplicationPhase.java:81)
	at com.sun.faces.lifecycle.Phase.doPhase(Phase.java:101)
	at com.sun.faces.lifecycle.LifecycleImpl.execute(LifecycleImpl.java:118)
	at javax.faces.webapp.FacesServlet.service(FacesServlet.java:593)
	at org.apache.catalina.core.ApplicationFilterChain.internalDoFilter(ApplicationFilterChain.java:290)
	at org.apache.catalina.core.ApplicationFilterChain.doFilter(ApplicationFilterChain.java:206)
	at org.primefaces.webapp.filter.FileUploadFilter.doFilter(FileUploadFilter.java:79)
	at org.apache.catalina.core.ApplicationFilterChain.internalDoFilter(ApplicationFilterChain.java:235)
	at org.apache.catalina.core.ApplicationFilterChain.doFilter(ApplicationFilterChain.java:206)
	at it.betplus.web.framework.filters.LoginFilter.doFilter(LoginFilter.java:32)
	at org.apache.catalina.core.ApplicationFilterChain.internalDoFilter(ApplicationFilterChain.java:235)
	at org.apache.catalina.core.ApplicationFilterChain.doFilter(ApplicationFilterChain.java:206)
	at org.apache.catalina.core.StandardWrapperValve.invoke(StandardWrapperValve.java:233)
	at org.apache.catalina.core.StandardContextValve.invoke(StandardContextValve.java:191)
	at org.apache.catalina.core.StandardHostValve.invoke(StandardHostValve.java:127)
	at org.apache.catalina.valves.ErrorReportValve.invoke(ErrorReportValve.java:102)
	at org.apache.catalina.core.StandardEngineValve.invoke(StandardEngineValve.java:109)
	at org.apache.catalina.connector.CoyoteAdapter.service(CoyoteAdapter.java:293)
	at org.apache.coyote.http11.Http11Processor.process(Http11Processor.java:859)
	at org.apache.coyote.http11.Http11Protocol$Http11ConnectionHandler.process(Http11Protocol.java:602)
	at org.apache.tomcat.util.net.JIoEndpoint$Worker.run(JIoEndpoint.java:489)
	at java.lang.Thread.run(Thread.java:662)
2012-06-22 15:34:45.0461 INFO http-8080-2 it.betplus.web.framework.managedbeans.LoginBean ? User admin logged into applicaiton 
2012-06-22 15:34:51.0604 ERROR http-8080-2 it.betplus.web.framework.managedbeans.BaseTableBean ? Unhandled exception 
it.betplus.web.framework.exceptions.DataLayerException
	at it.betplus.awg.db.facade.AwgFacade.getLocationData(AwgFacade.java:395)
	at it.betplus.awg.beans.fee.LocationDataTableBean.setListDataFromSource(LocationDataTableBean.java:71)
	at it.betplus.web.framework.managedbeans.BaseTableBean.populateTable(BaseTableBean.java:48)
	at it.betplus.awg.beans.GeneralFilterBean.filterTable(GeneralFilterBean.java:36)
	at sun.reflect.NativeMethodAccessorImpl.invoke0(Native Method)
	at sun.reflect.NativeMethodAccessorImpl.invoke(NativeMethodAccessorImpl.java:39)
	at sun.reflect.DelegatingMethodAccessorImpl.invoke(DelegatingMethodAccessorImpl.java:25)
	at java.lang.reflect.Method.invoke(Method.java:597)
	at com.sun.el.parser.AstValue.invoke(AstValue.java:234)
	at com.sun.el.MethodExpressionImpl.invoke(MethodExpressionImpl.java:297)
	at javax.faces.event.MethodExpressionActionListener.processAction(MethodExpressionActionListener.java:153)
	at javax.faces.event.ActionEvent.processListener(ActionEvent.java:88)
	at javax.faces.component.UIComponentBase.broadcast(UIComponentBase.java:769)
	at javax.faces.component.UICommand.broadcast(UICommand.java:300)
	at javax.faces.component.UIViewRoot.broadcastEvents(UIViewRoot.java:794)
	at javax.faces.component.UIViewRoot.processApplication(UIViewRoot.java:1259)
	at com.sun.faces.lifecycle.InvokeApplicationPhase.execute(InvokeApplicationPhase.java:81)
	at com.sun.faces.lifecycle.Phase.doPhase(Phase.java:101)
	at com.sun.faces.lifecycle.LifecycleImpl.execute(LifecycleImpl.java:118)
	at javax.faces.webapp.FacesServlet.service(FacesServlet.java:593)
	at org.apache.catalina.core.ApplicationFilterChain.internalDoFilter(ApplicationFilterChain.java:290)
	at org.apache.catalina.core.ApplicationFilterChain.doFilter(ApplicationFilterChain.java:206)
	at org.primefaces.webapp.filter.FileUploadFilter.doFilter(FileUploadFilter.java:79)
	at org.apache.catalina.core.ApplicationFilterChain.internalDoFilter(ApplicationFilterChain.java:235)
	at org.apache.catalina.core.ApplicationFilterChain.doFilter(ApplicationFilterChain.java:206)
	at it.betplus.web.framework.filters.LoginFilter.doFilter(LoginFilter.java:32)
	at org.apache.catalina.core.ApplicationFilterChain.internalDoFilter(ApplicationFilterChain.java:235)
	at org.apache.catalina.core.ApplicationFilterChain.doFilter(ApplicationFilterChain.java:206)
	at org.apache.catalina.core.StandardWrapperValve.invoke(StandardWrapperValve.java:233)
	at org.apache.catalina.core.StandardContextValve.invoke(StandardContextValve.java:191)
	at org.apache.catalina.core.StandardHostValve.invoke(StandardHostValve.java:127)
	at org.apache.catalina.valves.ErrorReportValve.invoke(ErrorReportValve.java:102)
	at org.apache.catalina.core.StandardEngineValve.invoke(StandardEngineValve.java:109)
	at org.apache.catalina.connector.CoyoteAdapter.service(CoyoteAdapter.java:293)
	at org.apache.coyote.http11.Http11Processor.process(Http11Processor.java:859)
	at org.apache.coyote.http11.Http11Protocol$Http11ConnectionHandler.process(Http11Protocol.java:602)
	at org.apache.tomcat.util.net.JIoEndpoint$Worker.run(JIoEndpoint.java:489)
	at java.lang.Thread.run(Thread.java:662)
2012-06-22 15:35:38.0320 INFO http-8080-1 it.betplus.web.framework.managedbeans.LoginBean ? User admin logged into applicaiton 
2012-06-22 15:48:06.0014 INFO http-8080-1 it.betplus.web.framework.managedbeans.LoginBean ? User admin logged into applicaiton 
2012-06-22 15:48:12.0406 ERROR http-8080-1 it.betplus.web.framework.managedbeans.BaseTableBean ? Unhandled exception 
it.betplus.web.framework.exceptions.DataLayerException
	at it.betplus.awg.db.facade.AwgFacade.getLocationData(AwgFacade.java:395)
	at it.betplus.awg.beans.fee.LocationDataTableBean.setListDataFromSource(LocationDataTableBean.java:71)
	at it.betplus.web.framework.managedbeans.BaseTableBean.populateTable(BaseTableBean.java:48)
	at it.betplus.awg.beans.GeneralFilterBean.filterTable(GeneralFilterBean.java:36)
	at sun.reflect.NativeMethodAccessorImpl.invoke0(Native Method)
	at sun.reflect.NativeMethodAccessorImpl.invoke(NativeMethodAccessorImpl.java:39)
	at sun.reflect.DelegatingMethodAccessorImpl.invoke(DelegatingMethodAccessorImpl.java:25)
	at java.lang.reflect.Method.invoke(Method.java:597)
	at com.sun.el.parser.AstValue.invoke(AstValue.java:234)
	at com.sun.el.MethodExpressionImpl.invoke(MethodExpressionImpl.java:297)
	at javax.faces.event.MethodExpressionActionListener.processAction(MethodExpressionActionListener.java:153)
	at javax.faces.event.ActionEvent.processListener(ActionEvent.java:88)
	at javax.faces.component.UIComponentBase.broadcast(UIComponentBase.java:769)
	at javax.faces.component.UICommand.broadcast(UICommand.java:300)
	at javax.faces.component.UIViewRoot.broadcastEvents(UIViewRoot.java:794)
	at javax.faces.component.UIViewRoot.processApplication(UIViewRoot.java:1259)
	at com.sun.faces.lifecycle.InvokeApplicationPhase.execute(InvokeApplicationPhase.java:81)
	at com.sun.faces.lifecycle.Phase.doPhase(Phase.java:101)
	at com.sun.faces.lifecycle.LifecycleImpl.execute(LifecycleImpl.java:118)
	at javax.faces.webapp.FacesServlet.service(FacesServlet.java:593)
	at org.apache.catalina.core.ApplicationFilterChain.internalDoFilter(ApplicationFilterChain.java:290)
	at org.apache.catalina.core.ApplicationFilterChain.doFilter(ApplicationFilterChain.java:206)
	at org.primefaces.webapp.filter.FileUploadFilter.doFilter(FileUploadFilter.java:79)
	at org.apache.catalina.core.ApplicationFilterChain.internalDoFilter(ApplicationFilterChain.java:235)
	at org.apache.catalina.core.ApplicationFilterChain.doFilter(ApplicationFilterChain.java:206)
	at it.betplus.web.framework.filters.LoginFilter.doFilter(LoginFilter.java:32)
	at org.apache.catalina.core.ApplicationFilterChain.internalDoFilter(ApplicationFilterChain.java:235)
	at org.apache.catalina.core.ApplicationFilterChain.doFilter(ApplicationFilterChain.java:206)
	at org.apache.catalina.core.StandardWrapperValve.invoke(StandardWrapperValve.java:233)
	at org.apache.catalina.core.StandardContextValve.invoke(StandardContextValve.java:191)
	at org.apache.catalina.core.StandardHostValve.invoke(StandardHostValve.java:127)
	at org.apache.catalina.valves.ErrorReportValve.invoke(ErrorReportValve.java:102)
	at org.apache.catalina.core.StandardEngineValve.invoke(StandardEngineValve.java:109)
	at org.apache.catalina.connector.CoyoteAdapter.service(CoyoteAdapter.java:293)
	at org.apache.coyote.http11.Http11Processor.process(Http11Processor.java:859)
	at org.apache.coyote.http11.Http11Protocol$Http11ConnectionHandler.process(Http11Protocol.java:602)
	at org.apache.tomcat.util.net.JIoEndpoint$Worker.run(JIoEndpoint.java:489)
	at java.lang.Thread.run(Thread.java:662)
2012-06-22 15:48:32.0529 ERROR http-8080-1 it.betplus.web.framework.managedbeans.BaseTableBean ? Unhandled exception 
it.betplus.web.framework.exceptions.DataLayerException
	at it.betplus.awg.db.facade.AwgFacade.getLocationData(AwgFacade.java:395)
	at it.betplus.awg.beans.fee.LocationDataTableBean.setListDataFromSource(LocationDataTableBean.java:71)
	at it.betplus.web.framework.managedbeans.BaseTableBean.populateTable(BaseTableBean.java:48)
	at it.betplus.awg.beans.GeneralFilterBean.filterTable(GeneralFilterBean.java:36)
	at sun.reflect.NativeMethodAccessorImpl.invoke0(Native Method)
	at sun.reflect.NativeMethodAccessorImpl.invoke(NativeMethodAccessorImpl.java:39)
	at sun.reflect.DelegatingMethodAccessorImpl.invoke(DelegatingMethodAccessorImpl.java:25)
	at java.lang.reflect.Method.invoke(Method.java:597)
	at com.sun.el.parser.AstValue.invoke(AstValue.java:234)
	at com.sun.el.MethodExpressionImpl.invoke(MethodExpressionImpl.java:297)
	at javax.faces.event.MethodExpressionActionListener.processAction(MethodExpressionActionListener.java:153)
	at javax.faces.event.ActionEvent.processListener(ActionEvent.java:88)
	at javax.faces.component.UIComponentBase.broadcast(UIComponentBase.java:769)
	at javax.faces.component.UICommand.broadcast(UICommand.java:300)
	at javax.faces.component.UIViewRoot.broadcastEvents(UIViewRoot.java:794)
	at javax.faces.component.UIViewRoot.processApplication(UIViewRoot.java:1259)
	at com.sun.faces.lifecycle.InvokeApplicationPhase.execute(InvokeApplicationPhase.java:81)
	at com.sun.faces.lifecycle.Phase.doPhase(Phase.java:101)
	at com.sun.faces.lifecycle.LifecycleImpl.execute(LifecycleImpl.java:118)
	at javax.faces.webapp.FacesServlet.service(FacesServlet.java:593)
	at org.apache.catalina.core.ApplicationFilterChain.internalDoFilter(ApplicationFilterChain.java:290)
	at org.apache.catalina.core.ApplicationFilterChain.doFilter(ApplicationFilterChain.java:206)
	at org.primefaces.webapp.filter.FileUploadFilter.doFilter(FileUploadFilter.java:79)
	at org.apache.catalina.core.ApplicationFilterChain.internalDoFilter(ApplicationFilterChain.java:235)
	at org.apache.catalina.core.ApplicationFilterChain.doFilter(ApplicationFilterChain.java:206)
	at it.betplus.web.framework.filters.LoginFilter.doFilter(LoginFilter.java:32)
	at org.apache.catalina.core.ApplicationFilterChain.internalDoFilter(ApplicationFilterChain.java:235)
	at org.apache.catalina.core.ApplicationFilterChain.doFilter(ApplicationFilterChain.java:206)
	at org.apache.catalina.core.StandardWrapperValve.invoke(StandardWrapperValve.java:233)
	at org.apache.catalina.core.StandardContextValve.invoke(StandardContextValve.java:191)
	at org.apache.catalina.core.StandardHostValve.invoke(StandardHostValve.java:127)
	at org.apache.catalina.valves.ErrorReportValve.invoke(ErrorReportValve.java:102)
	at org.apache.catalina.core.StandardEngineValve.invoke(StandardEngineValve.java:109)
	at org.apache.catalina.connector.CoyoteAdapter.service(CoyoteAdapter.java:293)
	at org.apache.coyote.http11.Http11Processor.process(Http11Processor.java:859)
	at org.apache.coyote.http11.Http11Protocol$Http11ConnectionHandler.process(Http11Protocol.java:602)
	at org.apache.tomcat.util.net.JIoEndpoint$Worker.run(JIoEndpoint.java:489)
	at java.lang.Thread.run(Thread.java:662)
2012-06-22 15:48:39.0459 INFO http-8080-1 it.betplus.web.framework.managedbeans.LoginBean ? User admin logged into applicaiton 
2012-06-22 15:48:45.0166 ERROR http-8080-1 it.betplus.web.framework.managedbeans.BaseTableBean ? Unhandled exception 
it.betplus.web.framework.exceptions.DataLayerException
	at it.betplus.awg.db.facade.AwgFacade.getLocationData(AwgFacade.java:395)
	at it.betplus.awg.beans.fee.LocationDataTableBean.setListDataFromSource(LocationDataTableBean.java:71)
	at it.betplus.web.framework.managedbeans.BaseTableBean.populateTable(BaseTableBean.java:48)
	at it.betplus.awg.beans.GeneralFilterBean.filterTable(GeneralFilterBean.java:36)
	at sun.reflect.NativeMethodAccessorImpl.invoke0(Native Method)
	at sun.reflect.NativeMethodAccessorImpl.invoke(NativeMethodAccessorImpl.java:39)
	at sun.reflect.DelegatingMethodAccessorImpl.invoke(DelegatingMethodAccessorImpl.java:25)
	at java.lang.reflect.Method.invoke(Method.java:597)
	at com.sun.el.parser.AstValue.invoke(AstValue.java:234)
	at com.sun.el.MethodExpressionImpl.invoke(MethodExpressionImpl.java:297)
	at javax.faces.event.MethodExpressionActionListener.processAction(MethodExpressionActionListener.java:153)
	at javax.faces.event.ActionEvent.processListener(ActionEvent.java:88)
	at javax.faces.component.UIComponentBase.broadcast(UIComponentBase.java:769)
	at javax.faces.component.UICommand.broadcast(UICommand.java:300)
	at javax.faces.component.UIViewRoot.broadcastEvents(UIViewRoot.java:794)
	at javax.faces.component.UIViewRoot.processApplication(UIViewRoot.java:1259)
	at com.sun.faces.lifecycle.InvokeApplicationPhase.execute(InvokeApplicationPhase.java:81)
	at com.sun.faces.lifecycle.Phase.doPhase(Phase.java:101)
	at com.sun.faces.lifecycle.LifecycleImpl.execute(LifecycleImpl.java:118)
	at javax.faces.webapp.FacesServlet.service(FacesServlet.java:593)
	at org.apache.catalina.core.ApplicationFilterChain.internalDoFilter(ApplicationFilterChain.java:290)
	at org.apache.catalina.core.ApplicationFilterChain.doFilter(ApplicationFilterChain.java:206)
	at org.primefaces.webapp.filter.FileUploadFilter.doFilter(FileUploadFilter.java:79)
	at org.apache.catalina.core.ApplicationFilterChain.internalDoFilter(ApplicationFilterChain.java:235)
	at org.apache.catalina.core.ApplicationFilterChain.doFilter(ApplicationFilterChain.java:206)
	at it.betplus.web.framework.filters.LoginFilter.doFilter(LoginFilter.java:32)
	at org.apache.catalina.core.ApplicationFilterChain.internalDoFilter(ApplicationFilterChain.java:235)
	at org.apache.catalina.core.ApplicationFilterChain.doFilter(ApplicationFilterChain.java:206)
	at org.apache.catalina.core.StandardWrapperValve.invoke(StandardWrapperValve.java:233)
	at org.apache.catalina.core.StandardContextValve.invoke(StandardContextValve.java:191)
	at org.apache.catalina.core.StandardHostValve.invoke(StandardHostValve.java:127)
	at org.apache.catalina.valves.ErrorReportValve.invoke(ErrorReportValve.java:102)
	at org.apache.catalina.core.StandardEngineValve.invoke(StandardEngineValve.java:109)
	at org.apache.catalina.connector.CoyoteAdapter.service(CoyoteAdapter.java:293)
	at org.apache.coyote.http11.Http11Processor.process(Http11Processor.java:859)
	at org.apache.coyote.http11.Http11Protocol$Http11ConnectionHandler.process(Http11Protocol.java:602)
	at org.apache.tomcat.util.net.JIoEndpoint$Worker.run(JIoEndpoint.java:489)
	at java.lang.Thread.run(Thread.java:662)
2012-06-22 15:51:22.0605 INFO http-8080-3 it.betplus.web.framework.managedbeans.LoginBean ? User admin logged into applicaiton 
2012-06-22 15:56:16.0952 INFO http-8080-3 it.betplus.web.framework.managedbeans.LoginBean ? User admin logged into applicaiton 
