2012-04-11 18:40:17.0839 INFO http-8080-1 it.betplus.web.framework.managedbeans.LoginBean ? User admin logged into applicaiton 
2012-04-11 18:40:17.0853 ERROR http-8080-1 it.betplus.birs.db.dao.MeterDAO ? retrieveMeter_locations: SQL failed
java.sql.SQLException: Parameter index out of bounds. 3 is not between valid values of 1 and 2
	at com.mysql.jdbc.ServerPreparedStatement.getBinding(ServerPreparedStatement.java:756)
	at com.mysql.jdbc.ServerPreparedStatement.setDate(ServerPreparedStatement.java:1670)
	at com.mysql.jdbc.ServerPreparedStatement.setDate(ServerPreparedStatement.java:1648)
	at org.apache.tomcat.dbcp.dbcp.DelegatingPreparedStatement.setDate(DelegatingPreparedStatement.java:141)
	at org.apache.tomcat.dbcp.dbcp.DelegatingPreparedStatement.setDate(DelegatingPreparedStatement.java:141)
	at it.betplus.birs.db.dao.MeterDAO.retrieveMeter_locations(MeterDAO.java:208)
	at it.betplus.birs.controller.tables.TableBeanLocation.setListDataFromSource(TableBeanLocation.java:55)
	at it.betplus.web.framework.managedbeans.BaseTableBean.populateTable(BaseTableBean.java:68)
	at it.betplus.birs.controller.sheets.ReportBean.filterDataOnLocation(ReportBean.java:323)
	at it.betplus.birs.controller.LoginBeanBirs.forwardToLoginOutcome(LoginBeanBirs.java:62)
	at it.betplus.web.framework.managedbeans.LoginBean.login(LoginBean.java:59)
	at sun.reflect.NativeMethodAccessorImpl.invoke0(Native Method)
	at sun.reflect.NativeMethodAccessorImpl.invoke(NativeMethodAccessorImpl.java:39)
	at sun.reflect.DelegatingMethodAccessorImpl.invoke(DelegatingMethodAccessorImpl.java:25)
	at java.lang.reflect.Method.invoke(Method.java:597)
	at com.sun.el.parser.AstValue.invoke(AstValue.java:234)
	at com.sun.el.MethodExpressionImpl.invoke(MethodExpressionImpl.java:297)
	at com.sun.faces.facelets.el.TagMethodExpression.invoke(TagMethodExpression.java:102)
	at javax.faces.component.MethodBindingMethodExpressionAdapter.invoke(MethodBindingMethodExpressionAdapter.java:84)
	at com.sun.faces.application.ActionListenerImpl.processAction(ActionListenerImpl.java:98)
	at javax.faces.component.UICommand.broadcast(UICommand.java:311)
	at javax.faces.component.UIViewRoot.broadcastEvents(UIViewRoot.java:781)
	at javax.faces.component.UIViewRoot.processApplication(UIViewRoot.java:1246)
	at com.sun.faces.lifecycle.InvokeApplicationPhase.execute(InvokeApplicationPhase.java:77)
	at com.sun.faces.lifecycle.Phase.doPhase(Phase.java:97)
	at com.sun.faces.lifecycle.LifecycleImpl.execute(LifecycleImpl.java:114)
	at javax.faces.webapp.FacesServlet.service(FacesServlet.java:308)
	at org.apache.catalina.core.ApplicationFilterChain.internalDoFilter(ApplicationFilterChain.java:290)
	at org.apache.catalina.core.ApplicationFilterChain.doFilter(ApplicationFilterChain.java:206)
	at org.primefaces.webapp.filter.FileUploadFilter.doFilter(FileUploadFilter.java:79)
	at org.apache.catalina.core.ApplicationFilterChain.internalDoFilter(ApplicationFilterChain.java:235)
	at org.apache.catalina.core.ApplicationFilterChain.doFilter(ApplicationFilterChain.java:206)
	at org.apache.catalina.core.StandardWrapperValve.invoke(StandardWrapperValve.java:233)
	at org.apache.catalina.core.StandardContextValve.invoke(StandardContextValve.java:191)
	at org.apache.catalina.core.StandardHostValve.invoke(StandardHostValve.java:127)
	at org.apache.catalina.valves.ErrorReportValve.invoke(ErrorReportValve.java:102)
	at org.apache.catalina.core.StandardEngineValve.invoke(StandardEngineValve.java:109)
	at org.apache.catalina.connector.CoyoteAdapter.service(CoyoteAdapter.java:293)
	at org.apache.coyote.http11.Http11Processor.process(Http11Processor.java:859)
	at org.apache.coyote.http11.Http11Protocol$Http11ConnectionHandler.process(Http11Protocol.java:602)
	at org.apache.tomcat.util.net.JIoEndpoint$Worker.run(JIoEndpoint.java:489)
	at java.lang.Thread.run(Thread.java:662)
2012-04-11 18:41:20.0682 INFO http-8080-1 it.betplus.web.framework.managedbeans.LoginBean ? User admin logged into applicaiton 
2012-04-11 18:45:54.0290 INFO http-8080-1 it.betplus.web.framework.managedbeans.LoginBean ? User admin logged into applicaiton 
2012-04-12 12:25:26.0305 INFO http-8080-1 it.betplus.web.framework.managedbeans.LoginBean ? User admin logged into applicaiton 
2012-04-12 12:32:18.0735 INFO http-8080-1 it.betplus.web.framework.managedbeans.LoginBean ? User admin logged into applicaiton 
2012-04-12 12:36:55.0151 INFO http-8080-1 it.betplus.web.framework.managedbeans.LoginBean ? User admin logged into applicaiton 
2012-04-12 12:48:24.0552 INFO http-8080-1 it.betplus.web.framework.managedbeans.LoginBean ? User admin logged into applicaiton 
